<?xml version="1.0" encoding="UTF-8"?>
<!-- Generated by org.testng.reporters.JUnitReportReporter -->
<testsuite hostname="DESKTOP-E097QFK" failures="0" tests="3" name="yalakoratesting.yalakoratesting.HomePage" time="61.083" errors="0" timestamp="2021-03-13T23:42:51 EET" skipped="0">
  <testcase classname="yalakoratesting.yalakoratesting.HomePage" name="Checkmoresports" time="2.991"/>
  <system-out/>
  <testcase classname="yalakoratesting.yalakoratesting.HomePage" name="CheckActionOfYallaKora" time="54.333"/>
  <system-out/>
  <testcase classname="yalakoratesting.yalakoratesting.HomePage" name="CheckSearchFunctionality" time="3.759"/>
  <system-out/>
</testsuite> <!-- yalakoratesting.yalakoratesting.HomePage -->
