<?xml version="1.0" encoding="UTF-8"?>
<!-- Generated by org.testng.reporters.JUnitReportReporter -->
<testsuite hostname="DESKTOP-E097QFK" failures="0" tests="2" name="yalakoratesting.yalakoratesting.login" time="5.707" errors="0" timestamp="2021-03-13T23:42:51 EET" skipped="0">
  <testcase classname="yalakoratesting.yalakoratesting.login" name="testloginpage" time="4.597"/>
  <system-out/>
  <testcase classname="yalakoratesting.yalakoratesting.login" name="testloginpage" time="1.110"/>
  <system-out/>
</testsuite> <!-- yalakoratesting.yalakoratesting.login -->
